<?xml version="1.0" encoding="UTF-8"?>
<Site BuildName="(empty)"
	BuildStamp="20250417-0551-Experimental"
	Name="(empty)"
	Generator="ctest-3.22.1"
	CompilerName=""
	CompilerVersion=""
	OSName="Linux"
	Hostname="gby-0409"
	OSRelease="6.8.0-57-generic"
	OSVersion="#59~22.04.1-Ubuntu SMP PREEMPT_DYNAMIC Wed Mar 19 17:07:41 UTC 2"
	OSPlatform="x86_64"
	Is64Bits="1"
	VendorString="AuthenticAMD"
	VendorID="Advanced Micro Devices"
	FamilyID="23"
	ModelID="113"
	ProcessorCacheSize="512"
	NumberOfLogicalCPU="24"
	NumberOfPhysicalCPU="12"
	TotalVirtualMemory="15623"
	TotalPhysicalMemory="31995"
	LogicalProcessorsPerPhysical="2"
	ProcessorClockFrequency="4190.88"
	>
	<Testing>
		<StartDateTime>Apr 17 13:51 CST</StartDateTime>
		<StartTestTime>1744869060</StartTestTime>
		<TestList/>
		<EndDateTime>Apr 17 13:51 CST</EndDateTime>
		<EndTestTime>1744869060</EndTestTime>
		<ElapsedMinutes>0</ElapsedMinutes>
	</Testing>
</Site>
